<?xml version="1.0" encoding="UTF-8"?>
<!-- Generated by org.testng.reporters.JUnitReportReporter -->
<testsuite hostname="DESKTOP-ACNG81H" failures="0" tests="6" name="tests.TestNGTests1" time="30.026" errors="0" timestamp="2023-01-17T18:17:20 IST" skipped="0">
  <testcase classname="tests.TestNGTests1" name="NavigatetoDocs" time="0.902"/>
  <system-out/>
  <testcase classname="tests.TestNGTests1" name="verifyPagination" time="2.266"/>
  <system-out/>
  <testcase classname="tests.TestNGTests1" name="verifyVideoLinkLaunchable" time="10.269"/>
  <system-out/>
  <testcase classname="tests.TestNGTests1" name="PerformSearch" time="5.501"/>
  <system-out/>
  <testcase classname="tests.TestNGTests1" name="PerformSearch" time="5.578"/>
  <system-out/>
  <testcase classname="tests.TestNGTests1" name="PerformSearch" time="5.510"/>
  <system-out/>
</testsuite> <!-- tests.TestNGTests1 -->
