<?xml version="1.0" encoding="UTF-8"?>
<!-- Generated by org.testng.reporters.JUnitReportReporter -->
<testsuite hostname="DESKTOP-ACNG81H" failures="0" tests="6" name="tests.TestNGTests2" time="32.442" errors="0" timestamp="2023-01-18T06:10:25 IST" skipped="0">
  <testcase classname="tests.TestNGTests2" name="NavigatetoDocs" time="1.944"/>
  <system-out/>
  <testcase classname="tests.TestNGTests2" name="verifyPagination" time="2.657"/>
  <system-out/>
  <testcase classname="tests.TestNGTests2" name="verifyVideoLinkLaunchable" time="10.393"/>
  <system-out/>
  <testcase classname="tests.TestNGTests2" name="PerformSearch" time="5.747"/>
  <system-out/>
  <testcase classname="tests.TestNGTests2" name="PerformSearch" time="5.757"/>
  <system-out/>
  <testcase classname="tests.TestNGTests2" name="PerformSearch" time="5.944"/>
  <system-out/>
</testsuite> <!-- tests.TestNGTests2 -->
