<?xml version="1.0" encoding="UTF-8"?>
<!-- Generated by org.testng.reporters.JUnitReportReporter -->
<testsuite hostname="DESKTOP-ACNG81H" failures="0" tests="6" name="tests.TestNGTests2" time="30.629" errors="0" timestamp="2023-01-17T18:17:20 IST" skipped="0">
  <testcase classname="tests.TestNGTests2" name="NavigatetoDocs" time="1.067"/>
  <system-out/>
  <testcase classname="tests.TestNGTests2" name="verifyPagination" time="2.728"/>
  <system-out/>
  <testcase classname="tests.TestNGTests2" name="verifyVideoLinkLaunchable" time="10.317"/>
  <system-out/>
  <testcase classname="tests.TestNGTests2" name="PerformSearch" time="5.528"/>
  <system-out/>
  <testcase classname="tests.TestNGTests2" name="PerformSearch" time="5.537"/>
  <system-out/>
  <testcase classname="tests.TestNGTests2" name="PerformSearch" time="5.452"/>
  <system-out/>
</testsuite> <!-- tests.TestNGTests2 -->
