<?xml version="1.0" encoding="UTF-8"?>
<!-- Generated by org.testng.reporters.JUnitReportReporter -->
<testsuite hostname="DESKTOP-ACNG81H" failures="0" tests="6" name="tests.TestNGTests" time="27.820" errors="0" timestamp="2023-01-17T16:20:51 IST" skipped="0">
  <testcase classname="tests.TestNGTests" name="NavigatetoDocs" time="1.024"/>
  <system-out/>
  <testcase classname="tests.TestNGTests" name="verifyPagination" time="2.474"/>
  <system-out/>
  <testcase classname="tests.TestNGTests" name="verifyVideoLinkLaunchable" time="10.281"/>
  <system-out/>
  <testcase classname="tests.TestNGTests" name="PerformSearch" time="4.634"/>
  <system-out/>
  <testcase classname="tests.TestNGTests" name="PerformSearch" time="4.775"/>
  <system-out/>
  <testcase classname="tests.TestNGTests" name="PerformSearch" time="4.632"/>
  <system-out/>
</testsuite> <!-- tests.TestNGTests -->
