<?xml version="1.0" encoding="UTF-8"?>
<!-- Generated by org.testng.reporters.JUnitReportReporter -->
<testsuite hostname="DESKTOP-ACNG81H" failures="0" tests="6" name="tests.TestNGTests1" time="32.517" errors="0" timestamp="2023-01-18T06:10:25 IST" skipped="0">
  <testcase classname="tests.TestNGTests1" name="NavigatetoDocs" time="1.865"/>
  <system-out/>
  <testcase classname="tests.TestNGTests1" name="verifyPagination" time="2.915"/>
  <system-out/>
  <testcase classname="tests.TestNGTests1" name="verifyVideoLinkLaunchable" time="10.473"/>
  <system-out/>
  <testcase classname="tests.TestNGTests1" name="PerformSearch" time="6.065"/>
  <system-out/>
  <testcase classname="tests.TestNGTests1" name="PerformSearch" time="5.543"/>
  <system-out/>
  <testcase classname="tests.TestNGTests1" name="PerformSearch" time="5.656"/>
  <system-out/>
</testsuite> <!-- tests.TestNGTests1 -->
